Started GET "/" for ::1 at 2020-07-24 21:39:04 -0300
  
ActiveRecord::PendingMigrationError (

Migrations are pending. To resolve this issue, run:

        bin/rails db:migrate RAILS_ENV=development

):
  
activerecord (5.2.4.2) lib/active_record/migration.rb:579:in `check_pending!'
activerecord (5.2.4.2) lib/active_record/migration.rb:556:in `call'
actionpack (5.2.4.2) lib/action_dispatch/middleware/callbacks.rb:28:in `block in call'
activesupport (5.2.4.2) lib/active_support/callbacks.rb:98:in `run_callbacks'
actionpack (5.2.4.2) lib/action_dispatch/middleware/callbacks.rb:26:in `call'
actionpack (5.2.4.2) lib/action_dispatch/middleware/executor.rb:14:in `call'
actionpack (5.2.4.2) lib/action_dispatch/middleware/debug_exceptions.rb:61:in `call'
web-console (3.7.0) lib/web_console/middleware.rb:135:in `call_app'
web-console (3.7.0) lib/web_console/middleware.rb:30:in `block in call'
web-console (3.7.0) lib/web_console/middleware.rb:20:in `catch'
web-console (3.7.0) lib/web_console/middleware.rb:20:in `call'
actionpack (5.2.4.2) lib/action_dispatch/middleware/show_exceptions.rb:33:in `call'
railties (5.2.4.2) lib/rails/rack/logger.rb:38:in `call_app'
railties (5.2.4.2) lib/rails/rack/logger.rb:26:in `block in call'
activesupport (5.2.4.2) lib/active_support/tagged_logging.rb:71:in `block in tagged'
activesupport (5.2.4.2) lib/active_support/tagged_logging.rb:28:in `tagged'
activesupport (5.2.4.2) lib/active_support/tagged_logging.rb:71:in `tagged'
railties (5.2.4.2) lib/rails/rack/logger.rb:26:in `call'
sprockets-rails (3.2.1) lib/sprockets/rails/quiet_assets.rb:13:in `call'
actionpack (5.2.4.2) lib/action_dispatch/middleware/remote_ip.rb:81:in `call'
actionpack (5.2.4.2) lib/action_dispatch/middleware/request_id.rb:27:in `call'
rack (2.2.3) lib/rack/method_override.rb:24:in `call'
rack (2.2.3) lib/rack/runtime.rb:22:in `call'
activesupport (5.2.4.2) lib/active_support/cache/strategy/local_cache_middleware.rb:29:in `call'
actionpack (5.2.4.2) lib/action_dispatch/middleware/executor.rb:14:in `call'
actionpack (5.2.4.2) lib/action_dispatch/middleware/static.rb:127:in `call'
rack (2.2.3) lib/rack/sendfile.rb:110:in `call'
webpacker (5.0.1) lib/webpacker/dev_server_proxy.rb:23:in `perform_request'
rack-proxy (0.6.5) lib/rack/proxy.rb:57:in `call'
railties (5.2.4.2) lib/rails/engine.rb:524:in `call'
puma (3.12.6) lib/puma/configuration.rb:227:in `call'
puma (3.12.6) lib/puma/server.rb:706:in `handle_request'
puma (3.12.6) lib/puma/server.rb:476:in `process_client'
puma (3.12.6) lib/puma/server.rb:334:in `block in run'
puma (3.12.6) lib/puma/thread_pool.rb:135:in `block in spawn_thread'
Started GET "/" for ::1 at 2020-07-24 21:39:04 -0300
  
ActiveRecord::PendingMigrationError (

Migrations are pending. To resolve this issue, run:

        bin/rails db:migrate RAILS_ENV=development

):
  
activerecord (5.2.4.2) lib/active_record/migration.rb:579:in `check_pending!'
activerecord (5.2.4.2) lib/active_record/migration.rb:556:in `call'
actionpack (5.2.4.2) lib/action_dispatch/middleware/callbacks.rb:28:in `block in call'
activesupport (5.2.4.2) lib/active_support/callbacks.rb:98:in `run_callbacks'
actionpack (5.2.4.2) lib/action_dispatch/middleware/callbacks.rb:26:in `call'
actionpack (5.2.4.2) lib/action_dispatch/middleware/executor.rb:14:in `call'
actionpack (5.2.4.2) lib/action_dispatch/middleware/debug_exceptions.rb:61:in `call'
web-console (3.7.0) lib/web_console/middleware.rb:135:in `call_app'
web-console (3.7.0) lib/web_console/middleware.rb:30:in `block in call'
web-console (3.7.0) lib/web_console/middleware.rb:20:in `catch'
web-console (3.7.0) lib/web_console/middleware.rb:20:in `call'
actionpack (5.2.4.2) lib/action_dispatch/middleware/show_exceptions.rb:33:in `call'
railties (5.2.4.2) lib/rails/rack/logger.rb:38:in `call_app'
railties (5.2.4.2) lib/rails/rack/logger.rb:26:in `block in call'
activesupport (5.2.4.2) lib/active_support/tagged_logging.rb:71:in `block in tagged'
activesupport (5.2.4.2) lib/active_support/tagged_logging.rb:28:in `tagged'
activesupport (5.2.4.2) lib/active_support/tagged_logging.rb:71:in `tagged'
railties (5.2.4.2) lib/rails/rack/logger.rb:26:in `call'
sprockets-rails (3.2.1) lib/sprockets/rails/quiet_assets.rb:13:in `call'
actionpack (5.2.4.2) lib/action_dispatch/middleware/remote_ip.rb:81:in `call'
actionpack (5.2.4.2) lib/action_dispatch/middleware/request_id.rb:27:in `call'
rack (2.2.3) lib/rack/method_override.rb:24:in `call'
rack (2.2.3) lib/rack/runtime.rb:22:in `call'
activesupport (5.2.4.2) lib/active_support/cache/strategy/local_cache_middleware.rb:29:in `call'
actionpack (5.2.4.2) lib/action_dispatch/middleware/executor.rb:14:in `call'
actionpack (5.2.4.2) lib/action_dispatch/middleware/static.rb:127:in `call'
rack (2.2.3) lib/rack/sendfile.rb:110:in `call'
webpacker (5.0.1) lib/webpacker/dev_server_proxy.rb:23:in `perform_request'
rack-proxy (0.6.5) lib/rack/proxy.rb:57:in `call'
railties (5.2.4.2) lib/rails/engine.rb:524:in `call'
puma (3.12.6) lib/puma/configuration.rb:227:in `call'
puma (3.12.6) lib/puma/server.rb:706:in `handle_request'
puma (3.12.6) lib/puma/server.rb:476:in `process_client'
puma (3.12.6) lib/puma/server.rb:334:in `block in run'
puma (3.12.6) lib/puma/thread_pool.rb:135:in `block in spawn_thread'
Started GET "/" for ::1 at 2020-07-24 21:39:09 -0300
  
ActiveRecord::PendingMigrationError (

Migrations are pending. To resolve this issue, run:

        bin/rails db:migrate RAILS_ENV=development

):
  
activerecord (5.2.4.2) lib/active_record/migration.rb:579:in `check_pending!'
activerecord (5.2.4.2) lib/active_record/migration.rb:556:in `call'
actionpack (5.2.4.2) lib/action_dispatch/middleware/callbacks.rb:28:in `block in call'
activesupport (5.2.4.2) lib/active_support/callbacks.rb:98:in `run_callbacks'
actionpack (5.2.4.2) lib/action_dispatch/middleware/callbacks.rb:26:in `call'
actionpack (5.2.4.2) lib/action_dispatch/middleware/executor.rb:14:in `call'
actionpack (5.2.4.2) lib/action_dispatch/middleware/debug_exceptions.rb:61:in `call'
web-console (3.7.0) lib/web_console/middleware.rb:135:in `call_app'
web-console (3.7.0) lib/web_console/middleware.rb:30:in `block in call'
web-console (3.7.0) lib/web_console/middleware.rb:20:in `catch'
web-console (3.7.0) lib/web_console/middleware.rb:20:in `call'
actionpack (5.2.4.2) lib/action_dispatch/middleware/show_exceptions.rb:33:in `call'
railties (5.2.4.2) lib/rails/rack/logger.rb:38:in `call_app'
railties (5.2.4.2) lib/rails/rack/logger.rb:26:in `block in call'
activesupport (5.2.4.2) lib/active_support/tagged_logging.rb:71:in `block in tagged'
activesupport (5.2.4.2) lib/active_support/tagged_logging.rb:28:in `tagged'
activesupport (5.2.4.2) lib/active_support/tagged_logging.rb:71:in `tagged'
railties (5.2.4.2) lib/rails/rack/logger.rb:26:in `call'
sprockets-rails (3.2.1) lib/sprockets/rails/quiet_assets.rb:13:in `call'
actionpack (5.2.4.2) lib/action_dispatch/middleware/remote_ip.rb:81:in `call'
actionpack (5.2.4.2) lib/action_dispatch/middleware/request_id.rb:27:in `call'
rack (2.2.3) lib/rack/method_override.rb:24:in `call'
rack (2.2.3) lib/rack/runtime.rb:22:in `call'
activesupport (5.2.4.2) lib/active_support/cache/strategy/local_cache_middleware.rb:29:in `call'
actionpack (5.2.4.2) lib/action_dispatch/middleware/executor.rb:14:in `call'
actionpack (5.2.4.2) lib/action_dispatch/middleware/static.rb:127:in `call'
rack (2.2.3) lib/rack/sendfile.rb:110:in `call'
webpacker (5.0.1) lib/webpacker/dev_server_proxy.rb:23:in `perform_request'
rack-proxy (0.6.5) lib/rack/proxy.rb:57:in `call'
railties (5.2.4.2) lib/rails/engine.rb:524:in `call'
puma (3.12.6) lib/puma/configuration.rb:227:in `call'
puma (3.12.6) lib/puma/server.rb:706:in `handle_request'
puma (3.12.6) lib/puma/server.rb:476:in `process_client'
puma (3.12.6) lib/puma/server.rb:334:in `block in run'
puma (3.12.6) lib/puma/thread_pool.rb:135:in `block in spawn_thread'
Started GET "/" for ::1 at 2020-07-24 21:39:10 -0300
  
ActiveRecord::PendingMigrationError (

Migrations are pending. To resolve this issue, run:

        bin/rails db:migrate RAILS_ENV=development

):
  
activerecord (5.2.4.2) lib/active_record/migration.rb:579:in `check_pending!'
activerecord (5.2.4.2) lib/active_record/migration.rb:556:in `call'
actionpack (5.2.4.2) lib/action_dispatch/middleware/callbacks.rb:28:in `block in call'
activesupport (5.2.4.2) lib/active_support/callbacks.rb:98:in `run_callbacks'
actionpack (5.2.4.2) lib/action_dispatch/middleware/callbacks.rb:26:in `call'
actionpack (5.2.4.2) lib/action_dispatch/middleware/executor.rb:14:in `call'
actionpack (5.2.4.2) lib/action_dispatch/middleware/debug_exceptions.rb:61:in `call'
web-console (3.7.0) lib/web_console/middleware.rb:135:in `call_app'
web-console (3.7.0) lib/web_console/middleware.rb:30:in `block in call'
web-console (3.7.0) lib/web_console/middleware.rb:20:in `catch'
web-console (3.7.0) lib/web_console/middleware.rb:20:in `call'
actionpack (5.2.4.2) lib/action_dispatch/middleware/show_exceptions.rb:33:in `call'
railties (5.2.4.2) lib/rails/rack/logger.rb:38:in `call_app'
railties (5.2.4.2) lib/rails/rack/logger.rb:26:in `block in call'
activesupport (5.2.4.2) lib/active_support/tagged_logging.rb:71:in `block in tagged'
activesupport (5.2.4.2) lib/active_support/tagged_logging.rb:28:in `tagged'
activesupport (5.2.4.2) lib/active_support/tagged_logging.rb:71:in `tagged'
railties (5.2.4.2) lib/rails/rack/logger.rb:26:in `call'
sprockets-rails (3.2.1) lib/sprockets/rails/quiet_assets.rb:13:in `call'
actionpack (5.2.4.2) lib/action_dispatch/middleware/remote_ip.rb:81:in `call'
actionpack (5.2.4.2) lib/action_dispatch/middleware/request_id.rb:27:in `call'
rack (2.2.3) lib/rack/method_override.rb:24:in `call'
rack (2.2.3) lib/rack/runtime.rb:22:in `call'
activesupport (5.2.4.2) lib/active_support/cache/strategy/local_cache_middleware.rb:29:in `call'
actionpack (5.2.4.2) lib/action_dispatch/middleware/executor.rb:14:in `call'
actionpack (5.2.4.2) lib/action_dispatch/middleware/static.rb:127:in `call'
rack (2.2.3) lib/rack/sendfile.rb:110:in `call'
webpacker (5.0.1) lib/webpacker/dev_server_proxy.rb:23:in `perform_request'
rack-proxy (0.6.5) lib/rack/proxy.rb:57:in `call'
railties (5.2.4.2) lib/rails/engine.rb:524:in `call'
puma (3.12.6) lib/puma/configuration.rb:227:in `call'
puma (3.12.6) lib/puma/server.rb:706:in `handle_request'
puma (3.12.6) lib/puma/server.rb:476:in `process_client'
puma (3.12.6) lib/puma/server.rb:334:in `block in run'
puma (3.12.6) lib/puma/thread_pool.rb:135:in `block in spawn_thread'
  [1m[35m (0.1ms)[0m  [1m[34mSELECT sqlite_version(*)[0m
  ↳ /Users/macministant/.rvm/rubies/ruby-2.7.0/lib/ruby/gems/2.7.0/gems/rake-13.0.1/lib/rake/task.rb:281
  [1m[35m (1.0ms)[0m  [1m[35mCREATE TABLE "schema_migrations" ("version" varchar NOT NULL PRIMARY KEY)[0m
  ↳ /Users/macministant/.rvm/rubies/ruby-2.7.0/lib/ruby/gems/2.7.0/gems/rake-13.0.1/lib/rake/task.rb:281
  [1m[35m (0.8ms)[0m  [1m[35mCREATE TABLE "ar_internal_metadata" ("key" varchar NOT NULL PRIMARY KEY, "value" varchar, "created_at" datetime NOT NULL, "updated_at" datetime NOT NULL)[0m
  ↳ /Users/macministant/.rvm/rubies/ruby-2.7.0/lib/ruby/gems/2.7.0/gems/rake-13.0.1/lib/rake/task.rb:281
  [1m[35m (0.1ms)[0m  [1m[34mSELECT "schema_migrations"."version" FROM "schema_migrations" ORDER BY "schema_migrations"."version" ASC[0m
  ↳ /Users/macministant/.rvm/rubies/ruby-2.7.0/lib/ruby/gems/2.7.0/gems/rake-13.0.1/lib/rake/task.rb:281
Migrating to CreateCoins (20200328204707)
  [1m[35m (0.1ms)[0m  [1m[36mbegin transaction[0m
  ↳ /Users/macministant/.rvm/rubies/ruby-2.7.0/lib/ruby/gems/2.7.0/gems/rake-13.0.1/lib/rake/task.rb:281
  [1m[35m (0.4ms)[0m  [1m[35mCREATE TABLE "coins" ("id" integer PRIMARY KEY AUTOINCREMENT NOT NULL, "description" varchar, "acronym" varchar, "url_image" varchar, "created_at" datetime NOT NULL, "updated_at" datetime NOT NULL)[0m
  ↳ db/migrate/20200328204707_create_coins.rb:3
  [1m[36mActiveRecord::SchemaMigration Create (0.1ms)[0m  [1m[32mINSERT INTO "schema_migrations" ("version") VALUES (?)[0m  [["version", "20200328204707"]]
  ↳ /Users/macministant/.rvm/rubies/ruby-2.7.0/lib/ruby/gems/2.7.0/gems/rake-13.0.1/lib/rake/task.rb:281
  [1m[35m (0.6ms)[0m  [1m[36mcommit transaction[0m
  ↳ /Users/macministant/.rvm/rubies/ruby-2.7.0/lib/ruby/gems/2.7.0/gems/rake-13.0.1/lib/rake/task.rb:281
Migrating to CreateMiningTypes (20200330145026)
  [1m[35m (0.0ms)[0m  [1m[36mbegin transaction[0m
  ↳ /Users/macministant/.rvm/rubies/ruby-2.7.0/lib/ruby/gems/2.7.0/gems/rake-13.0.1/lib/rake/task.rb:281
  [1m[35m (0.4ms)[0m  [1m[35mCREATE TABLE "mining_types" ("id" integer PRIMARY KEY AUTOINCREMENT NOT NULL, "description" varchar, "acronym" varchar, "created_at" datetime NOT NULL, "updated_at" datetime NOT NULL)[0m
  ↳ db/migrate/20200330145026_create_mining_types.rb:3
  [1m[36mActiveRecord::SchemaMigration Create (0.1ms)[0m  [1m[32mINSERT INTO "schema_migrations" ("version") VALUES (?)[0m  [["version", "20200330145026"]]
  ↳ /Users/macministant/.rvm/rubies/ruby-2.7.0/lib/ruby/gems/2.7.0/gems/rake-13.0.1/lib/rake/task.rb:281
  [1m[35m (0.7ms)[0m  [1m[36mcommit transaction[0m
  ↳ /Users/macministant/.rvm/rubies/ruby-2.7.0/lib/ruby/gems/2.7.0/gems/rake-13.0.1/lib/rake/task.rb:281
Migrating to AddMiningTypeToCoins (20200330151011)
  [1m[35m (0.0ms)[0m  [1m[36mbegin transaction[0m
  ↳ /Users/macministant/.rvm/rubies/ruby-2.7.0/lib/ruby/gems/2.7.0/gems/rake-13.0.1/lib/rake/task.rb:281
  [1m[35m (0.4ms)[0m  [1m[35mALTER TABLE "coins" ADD "mining_type_id" integer[0m
  ↳ db/migrate/20200330151011_add_mining_type_to_coins.rb:3
  [1m[35m (0.2ms)[0m  [1m[35mCREATE  INDEX "index_coins_on_mining_type_id" ON "coins" ("mining_type_id")[0m
  ↳ db/migrate/20200330151011_add_mining_type_to_coins.rb:3
  [1m[36mActiveRecord::SchemaMigration Create (0.1ms)[0m  [1m[32mINSERT INTO "schema_migrations" ("version") VALUES (?)[0m  [["version", "20200330151011"]]
  ↳ /Users/macministant/.rvm/rubies/ruby-2.7.0/lib/ruby/gems/2.7.0/gems/rake-13.0.1/lib/rake/task.rb:281
  [1m[35m (0.8ms)[0m  [1m[36mcommit transaction[0m
  ↳ /Users/macministant/.rvm/rubies/ruby-2.7.0/lib/ruby/gems/2.7.0/gems/rake-13.0.1/lib/rake/task.rb:281
  [1m[36mActiveRecord::InternalMetadata Load (0.2ms)[0m  [1m[34mSELECT  "ar_internal_metadata".* FROM "ar_internal_metadata" WHERE "ar_internal_metadata"."key" = ? LIMIT ?[0m  [["key", "environment"], ["LIMIT", 1]]
  ↳ /Users/macministant/.rvm/rubies/ruby-2.7.0/lib/ruby/gems/2.7.0/gems/rake-13.0.1/lib/rake/task.rb:281
  [1m[35m (0.1ms)[0m  [1m[36mbegin transaction[0m
  ↳ /Users/macministant/.rvm/rubies/ruby-2.7.0/lib/ruby/gems/2.7.0/gems/rake-13.0.1/lib/rake/task.rb:281
  [1m[36mActiveRecord::InternalMetadata Create (0.3ms)[0m  [1m[32mINSERT INTO "ar_internal_metadata" ("key", "value", "created_at", "updated_at") VALUES (?, ?, ?, ?)[0m  [["key", "environment"], ["value", "development"], ["created_at", "2020-07-25 00:39:38.283097"], ["updated_at", "2020-07-25 00:39:38.283097"]]
  ↳ /Users/macministant/.rvm/rubies/ruby-2.7.0/lib/ruby/gems/2.7.0/gems/rake-13.0.1/lib/rake/task.rb:281
  [1m[35m (0.6ms)[0m  [1m[36mcommit transaction[0m
  ↳ /Users/macministant/.rvm/rubies/ruby-2.7.0/lib/ruby/gems/2.7.0/gems/rake-13.0.1/lib/rake/task.rb:281
  [1m[35m (0.1ms)[0m  [1m[34mSELECT "schema_migrations"."version" FROM "schema_migrations" ORDER BY "schema_migrations"."version" ASC[0m
  ↳ /Users/macministant/.rvm/rubies/ruby-2.7.0/lib/ruby/gems/2.7.0/gems/rake-13.0.1/lib/rake/task.rb:281
Started GET "/" for ::1 at 2020-07-24 21:39:50 -0300
  [1m[35m (0.1ms)[0m  [1m[34mSELECT "schema_migrations"."version" FROM "schema_migrations" ORDER BY "schema_migrations"."version" ASC[0m
  ↳ /Users/macministant/.rvm/gems/ruby-2.7.0/gems/activerecord-5.2.4.2/lib/active_record/log_subscriber.rb:98
Processing by WelcomeController#index as HTML
  Rendering welcome/index.html.erb within layouts/application
  Rendered welcome/_menu.html.erb (0.6ms)
  Rendered welcome/index.html.erb within layouts/application (337.0ms)
Completed 200 OK in 1820ms (Views: 1816.2ms | ActiveRecord: 0.0ms)


Started GET "/" for ::1 at 2020-07-24 21:39:52 -0300
Processing by WelcomeController#index as */*
  Rendering welcome/index.html.erb within layouts/application
  Rendered welcome/_menu.html.erb (0.6ms)
  Rendered welcome/index.html.erb within layouts/application (7.0ms)
Completed 200 OK in 47ms (Views: 43.0ms | ActiveRecord: 0.0ms)


Started GET "/coins" for ::1 at 2020-07-24 21:39:54 -0300
Processing by CoinsController#index as HTML
Started GET "/" for ::1 at 2020-07-24 21:39:54 -0300
  Rendering coins/index.html.erb within layouts/application
Processing by WelcomeController#index as */*
  [1m[35m (0.1ms)[0m  [1m[34mSELECT COUNT(*) FROM "coins"[0m
  ↳ app/views/coins/index.html.erb:3
  [1m[36mCoin Load (0.2ms)[0m  [1m[34mSELECT "coins".* FROM "coins"[0m
  ↳ app/views/coins/index.html.erb:16
  Rendered coins/index.html.erb within layouts/application (12.9ms)
  Rendering welcome/index.html.erb within layouts/application
  Rendered welcome/_menu.html.erb (0.6ms)
  Rendered welcome/index.html.erb within layouts/application (4.5ms)
Completed 200 OK in 94ms (Views: 82.6ms | ActiveRecord: 0.6ms)


Completed 200 OK in 79ms (Views: 72.2ms | ActiveRecord: 0.0ms)


Started GET "/coins/new" for ::1 at 2020-07-24 21:39:56 -0300
Processing by CoinsController#new as HTML
  [1m[35m (0.1ms)[0m  [1m[34mSELECT "mining_types"."description", "mining_types"."id" FROM "mining_types"[0m
  ↳ app/controllers/coins_controller.rb:67
Started GET "/" for ::1 at 2020-07-24 21:39:56 -0300
Processing by WelcomeController#index as */*
  Rendering welcome/index.html.erb within layouts/application
  Rendering coins/new.html.erb within layouts/application
  Rendered welcome/_menu.html.erb (0.7ms)
  Rendered welcome/index.html.erb within layouts/application (6.6ms)
  Rendered coins/_form.html.erb (17.3ms)
  Rendered coins/new.html.erb within layouts/application (22.0ms)
Completed 200 OK in 65ms (Views: 58.8ms | ActiveRecord: 0.0ms)


Completed 200 OK in 91ms (Views: 65.2ms | ActiveRecord: 0.7ms)


Started GET "/coins" for ::1 at 2020-07-24 21:40:39 -0300
Processing by CoinsController#index as HTML
  Rendering coins/index.html.erb within layouts/application
  [1m[35m (0.2ms)[0m  [1m[34mSELECT COUNT(*) FROM "coins"[0m
  ↳ app/views/coins/index.html.erb:3
  [1m[36mCoin Load (0.1ms)[0m  [1m[34mSELECT "coins".* FROM "coins"[0m
  ↳ app/views/coins/index.html.erb:16
  Rendered coins/index.html.erb within layouts/application (2.6ms)
Started GET "/" for ::1 at 2020-07-24 21:40:39 -0300
Processing by WelcomeController#index as */*
  Rendering welcome/index.html.erb within layouts/application
  Rendered welcome/_menu.html.erb (0.5ms)
  Rendered welcome/index.html.erb within layouts/application (5.1ms)
Completed 200 OK in 67ms (Views: 62.0ms | ActiveRecord: 0.3ms)


Completed 200 OK in 46ms (Views: 39.8ms | ActiveRecord: 0.0ms)


Started GET "/" for ::1 at 2020-07-24 21:40:41 -0300
Processing by WelcomeController#index as */*
  Rendering welcome/index.html.erb within layouts/application
  Rendered welcome/_menu.html.erb (0.4ms)
  Rendered welcome/index.html.erb within layouts/application (4.8ms)
Completed 200 OK in 28ms (Views: 24.6ms | ActiveRecord: 0.0ms)


Started GET "/" for ::1 at 2020-07-24 21:40:42 -0300
Processing by WelcomeController#index as */*
  Rendering welcome/index.html.erb within layouts/application
  Rendered welcome/_menu.html.erb (0.4ms)
  Rendered welcome/index.html.erb within layouts/application (4.2ms)
Completed 200 OK in 28ms (Views: 23.8ms | ActiveRecord: 0.0ms)


Started GET "/" for ::1 at 2020-07-24 21:40:43 -0300
Processing by WelcomeController#index as */*
  Rendering welcome/index.html.erb within layouts/application
  Rendered welcome/_menu.html.erb (0.5ms)
  Rendered welcome/index.html.erb within layouts/application (4.1ms)
Completed 200 OK in 28ms (Views: 24.8ms | ActiveRecord: 0.0ms)


Started GET "/mining_types" for ::1 at 2020-07-24 21:40:44 -0300
Processing by MiningTypesController#index as HTML
Started GET "/" for ::1 at 2020-07-24 21:40:44 -0300
Processing by WelcomeController#index as */*
  Rendering mining_types/index.html.erb within layouts/application
  [1m[35m (0.2ms)[0m  [1m[34mSELECT COUNT(*) FROM "mining_types"[0m
  ↳ app/views/mining_types/index.html.erb:3
  [1m[36mMiningType Load (0.2ms)[0m  [1m[34mSELECT "mining_types".* FROM "mining_types"[0m
  ↳ app/views/mining_types/index.html.erb:15
  Rendered mining_types/index.html.erb within layouts/application (3.9ms)
  Rendering welcome/index.html.erb within layouts/application
  Rendered welcome/_menu.html.erb (0.5ms)
  Rendered welcome/index.html.erb within layouts/application (4.6ms)
Completed 200 OK in 61ms (Views: 55.6ms | ActiveRecord: 0.4ms)


Completed 200 OK in 60ms (Views: 55.8ms | ActiveRecord: 0.0ms)


Started GET "/mining_types/new" for ::1 at 2020-07-24 21:40:47 -0300
Processing by MiningTypesController#new as HTML
Started GET "/" for ::1 at 2020-07-24 21:40:47 -0300
Processing by WelcomeController#index as */*
  Rendering mining_types/new.html.erb within layouts/application
  Rendering welcome/index.html.erb within layouts/application
  Rendered mining_types/_form.html.erb (1.9ms)
  Rendered mining_types/new.html.erb within layouts/application (8.4ms)
  Rendered welcome/_menu.html.erb (0.4ms)
  Rendered welcome/index.html.erb within layouts/application (8.0ms)
Completed 200 OK in 61ms (Views: 54.5ms | ActiveRecord: 0.4ms)


Completed 200 OK in 52ms (Views: 48.7ms | ActiveRecord: 0.0ms)


Started POST "/mining_types" for ::1 at 2020-07-24 21:40:57 -0300
Processing by MiningTypesController#create as HTML
  Parameters: {"utf8"=>"✓", "authenticity_token"=>"HteBkQXcDRUxX8dh/6OHf1DyX2TuW66PUFdBr2IRa1AeKIdG8E+B6Q9EbO1tMfFD8aBNHqHf6pC0WgebuoNniQ==", "mining_type"=>{"description"=>"Proof of Work", "acronym"=>"PW"}, "commit"=>"Criar Tipo de mineração"}
  [1m[35m (0.1ms)[0m  [1m[36mbegin transaction[0m
  ↳ app/controllers/mining_types_controller.rb:30
  [1m[36mMiningType Create (0.8ms)[0m  [1m[32mINSERT INTO "mining_types" ("description", "acronym", "created_at", "updated_at") VALUES (?, ?, ?, ?)[0m  [["description", "Proof of Work"], ["acronym", "PW"], ["created_at", "2020-07-25 00:40:57.656186"], ["updated_at", "2020-07-25 00:40:57.656186"]]
  ↳ app/controllers/mining_types_controller.rb:30
  [1m[35m (0.7ms)[0m  [1m[36mcommit transaction[0m
  ↳ app/controllers/mining_types_controller.rb:30
Redirected to http://localhost:3000/mining_types/1
Completed 302 Found in 6ms (ActiveRecord: 1.6ms)


Started GET "/mining_types/1" for ::1 at 2020-07-24 21:40:57 -0300
Processing by MiningTypesController#show as HTML
  Parameters: {"id"=>"1"}
  [1m[36mMiningType Load (0.2ms)[0m  [1m[34mSELECT  "mining_types".* FROM "mining_types" WHERE "mining_types"."id" = ? LIMIT ?[0m  [["id", 1], ["LIMIT", 1]]
  ↳ app/controllers/mining_types_controller.rb:67
  Rendering mining_types/show.html.erb within layouts/application
  Rendered mining_types/show.html.erb within layouts/application (1.3ms)
Completed 200 OK in 24ms (Views: 19.5ms | ActiveRecord: 0.2ms)


Started GET "/mining_types/1" for ::1 at 2020-07-24 21:40:57 -0300
Processing by MiningTypesController#show as */*
  Parameters: {"id"=>"1"}
  [1m[36mMiningType Load (0.2ms)[0m  [1m[34mSELECT  "mining_types".* FROM "mining_types" WHERE "mining_types"."id" = ? LIMIT ?[0m  [["id", 1], ["LIMIT", 1]]
  ↳ app/controllers/mining_types_controller.rb:67
  Rendering mining_types/show.html.erb within layouts/application
  Rendered mining_types/show.html.erb within layouts/application (0.8ms)
Completed 200 OK in 31ms (Views: 22.4ms | ActiveRecord: 0.2ms)


Started GET "/mining_types" for ::1 at 2020-07-24 21:41:00 -0300
Processing by MiningTypesController#index as HTML
  Rendering mining_types/index.html.erb within layouts/application
  [1m[35m (0.2ms)[0m  [1m[34mSELECT COUNT(*) FROM "mining_types"[0m
  ↳ app/views/mining_types/index.html.erb:3
  [1m[36mMiningType Load (0.1ms)[0m  [1m[34mSELECT "mining_types".* FROM "mining_types"[0m
  ↳ app/views/mining_types/index.html.erb:15
  Rendered mining_types/index.html.erb within layouts/application (3.5ms)
Started GET "/mining_types/1" for ::1 at 2020-07-24 21:41:00 -0300
Processing by MiningTypesController#show as */*
  Parameters: {"id"=>"1"}
  [1m[36mMiningType Load (0.1ms)[0m  [1m[34mSELECT  "mining_types".* FROM "mining_types" WHERE "mining_types"."id" = ? LIMIT ?[0m  [["id", 1], ["LIMIT", 1]]
  ↳ app/controllers/mining_types_controller.rb:67
  Rendering mining_types/show.html.erb within layouts/application
  Rendered mining_types/show.html.erb within layouts/application (0.8ms)
Completed 200 OK in 48ms (Views: 46.5ms | ActiveRecord: 0.3ms)


Completed 200 OK in 45ms (Views: 39.4ms | ActiveRecord: 0.1ms)


Started GET "/" for ::1 at 2020-07-24 21:41:03 -0300
Processing by WelcomeController#index as HTML
Started GET "/mining_types/1" for ::1 at 2020-07-24 21:41:03 -0300
Processing by MiningTypesController#show as */*
  Parameters: {"id"=>"1"}
  [1m[36mMiningType Load (0.1ms)[0m  [1m[34mSELECT  "mining_types".* FROM "mining_types" WHERE "mining_types"."id" = ? LIMIT ?[0m  [["id", 1], ["LIMIT", 1]]
  ↳ app/controllers/mining_types_controller.rb:67
  Rendering welcome/index.html.erb within layouts/application
  Rendered welcome/_menu.html.erb (0.4ms)
  Rendered welcome/index.html.erb within layouts/application (4.6ms)
  Rendering mining_types/show.html.erb within layouts/application
  Rendered mining_types/show.html.erb within layouts/application (0.7ms)
Completed 200 OK in 44ms (Views: 42.0ms | ActiveRecord: 0.0ms)


Completed 200 OK in 45ms (Views: 36.9ms | ActiveRecord: 0.1ms)


Started GET "/coins" for ::1 at 2020-07-24 21:41:04 -0300
Processing by CoinsController#index as HTML
  Rendering coins/index.html.erb within layouts/application
  [1m[35m (0.2ms)[0m  [1m[34mSELECT COUNT(*) FROM "coins"[0m
  ↳ app/views/coins/index.html.erb:3
  [1m[36mCoin Load (0.1ms)[0m  [1m[34mSELECT "coins".* FROM "coins"[0m
Started GET "/mining_types/1" for ::1 at 2020-07-24 21:41:04 -0300
  ↳ app/views/coins/index.html.erb:16
  Rendered coins/index.html.erb within layouts/application (3.6ms)
Processing by MiningTypesController#show as */*
  Parameters: {"id"=>"1"}
  [1m[36mMiningType Load (0.1ms)[0m  [1m[34mSELECT  "mining_types".* FROM "mining_types" WHERE "mining_types"."id" = ? LIMIT ?[0m  [["id", 1], ["LIMIT", 1]]
  ↳ app/controllers/mining_types_controller.rb:67
  Rendering mining_types/show.html.erb within layouts/application
  Rendered mining_types/show.html.erb within layouts/application (0.6ms)
Completed 200 OK in 59ms (Views: 57.8ms | ActiveRecord: 0.2ms)


Completed 200 OK in 55ms (Views: 49.2ms | ActiveRecord: 0.1ms)


Started GET "/coins/new" for ::1 at 2020-07-24 21:41:05 -0300
Processing by CoinsController#new as HTML
  [1m[35m (0.1ms)[0m  [1m[34mSELECT "mining_types"."description", "mining_types"."id" FROM "mining_types"[0m
  ↳ app/controllers/coins_controller.rb:67
Started GET "/mining_types/1" for ::1 at 2020-07-24 21:41:05 -0300
Processing by MiningTypesController#show as */*
  Parameters: {"id"=>"1"}
  Rendering coins/new.html.erb within layouts/application
  [1m[36mMiningType Load (0.2ms)[0m  [1m[34mSELECT  "mining_types".* FROM "mining_types" WHERE "mining_types"."id" = ? LIMIT ?[0m  [["id", 1], ["LIMIT", 1]]
  ↳ app/controllers/mining_types_controller.rb:67
  Rendered coins/_form.html.erb (2.2ms)
  Rendered coins/new.html.erb within layouts/application (7.4ms)
  Rendering mining_types/show.html.erb within layouts/application
  Rendered mining_types/show.html.erb within layouts/application (0.8ms)
Completed 200 OK in 54ms (Views: 49.5ms | ActiveRecord: 0.1ms)


Completed 200 OK in 51ms (Views: 42.0ms | ActiveRecord: 0.2ms)


Started POST "/coins" for ::1 at 2020-07-24 21:41:27 -0300
Processing by CoinsController#create as HTML
  Parameters: {"utf8"=>"✓", "authenticity_token"=>"uZYI0jiFCIDJaiUD8abwZ7notuaDNu9qnfu1+cAw9Aarol53ytuZ/pKibJbP1H3RH9sakvzXUPRy/fvKIA7fqQ==", "coin"=>{"description"=>"Bitcoin", "acronym"=>"BT", "url_image"=>"https://img.elo7.com.br/product/zoom/1FEFE81/njnjnjnj-njnjnjn.jpg", "mining_type_id"=>"1"}, "commit"=>"Criar Moeda"}
  [1m[35m (0.1ms)[0m  [1m[34mSELECT "mining_types"."description", "mining_types"."id" FROM "mining_types"[0m
  ↳ app/controllers/coins_controller.rb:67
  [1m[35m (0.1ms)[0m  [1m[36mbegin transaction[0m
  ↳ app/controllers/coins_controller.rb:31
  [1m[36mMiningType Load (0.1ms)[0m  [1m[34mSELECT  "mining_types".* FROM "mining_types" WHERE "mining_types"."id" = ? LIMIT ?[0m  [["id", 1], ["LIMIT", 1]]
  ↳ app/controllers/coins_controller.rb:31
  [1m[36mCoin Create (0.3ms)[0m  [1m[32mINSERT INTO "coins" ("description", "acronym", "url_image", "created_at", "updated_at", "mining_type_id") VALUES (?, ?, ?, ?, ?, ?)[0m  [["description", "Bitcoin"], ["acronym", "BT"], ["url_image", "https://img.elo7.com.br/product/zoom/1FEFE81/njnjnjnj-njnjnjn.jpg"], ["created_at", "2020-07-25 00:41:27.254298"], ["updated_at", "2020-07-25 00:41:27.254298"], ["mining_type_id", 1]]
  ↳ app/controllers/coins_controller.rb:31
  [1m[35m (0.8ms)[0m  [1m[36mcommit transaction[0m
  ↳ app/controllers/coins_controller.rb:31
Redirected to http://localhost:3000/coins/1
Completed 302 Found in 21ms (ActiveRecord: 1.5ms)


Started GET "/coins/1" for ::1 at 2020-07-24 21:41:27 -0300
Processing by CoinsController#show as HTML
  Parameters: {"id"=>"1"}
  [1m[36mCoin Load (0.1ms)[0m  [1m[34mSELECT  "coins".* FROM "coins" WHERE "coins"."id" = ? LIMIT ?[0m  [["id", 1], ["LIMIT", 1]]
  ↳ app/controllers/coins_controller.rb:72
  Rendering coins/show.html.erb within layouts/application
  [1m[36mMiningType Load (0.1ms)[0m  [1m[34mSELECT  "mining_types".* FROM "mining_types" WHERE "mining_types"."id" = ? LIMIT ?[0m  [["id", 1], ["LIMIT", 1]]
  ↳ app/views/coins/show.html.erb:25
  Rendered coins/show.html.erb within layouts/application (1.7ms)
Completed 200 OK in 20ms (Views: 18.6ms | ActiveRecord: 0.2ms)


Started GET "/coins/1" for ::1 at 2020-07-24 21:41:27 -0300
Processing by CoinsController#show as */*
  Parameters: {"id"=>"1"}
  [1m[36mCoin Load (0.2ms)[0m  [1m[34mSELECT  "coins".* FROM "coins" WHERE "coins"."id" = ? LIMIT ?[0m  [["id", 1], ["LIMIT", 1]]
  ↳ app/controllers/coins_controller.rb:72
  Rendering coins/show.html.erb within layouts/application
  [1m[36mMiningType Load (0.1ms)[0m  [1m[34mSELECT  "mining_types".* FROM "mining_types" WHERE "mining_types"."id" = ? LIMIT ?[0m  [["id", 1], ["LIMIT", 1]]
  ↳ app/views/coins/show.html.erb:25
  Rendered coins/show.html.erb within layouts/application (1.7ms)
Completed 200 OK in 44ms (Views: 32.1ms | ActiveRecord: 0.3ms)


Started GET "/" for ::1 at 2020-07-24 21:41:30 -0300
Processing by WelcomeController#index as HTML
Started GET "/coins/1" for ::1 at 2020-07-24 21:41:30 -0300
  Rendering welcome/index.html.erb within layouts/application
  Rendered welcome/_menu.html.erb (0.5ms)
Processing by CoinsController#show as */*
  Parameters: {"id"=>"1"}
  [1m[36mCoin Load (0.2ms)[0m  [1m[34mSELECT  "coins".* FROM "coins" WHERE "coins"."id" = ? LIMIT ?[0m  [["id", 1], ["LIMIT", 1]]
  Rendered welcome/index.html.erb within layouts/application (2.3ms)
  ↳ app/controllers/coins_controller.rb:72
  Rendering coins/show.html.erb within layouts/application
  [1m[36mMiningType Load (0.1ms)[0m  [1m[34mSELECT  "mining_types".* FROM "mining_types" WHERE "mining_types"."id" = ? LIMIT ?[0m  [["id", 1], ["LIMIT", 1]]
  ↳ app/views/coins/show.html.erb:25
  Rendered coins/show.html.erb within layouts/application (2.1ms)
Completed 200 OK in 48ms (Views: 46.8ms | ActiveRecord: 0.0ms)


Completed 200 OK in 47ms (Views: 40.8ms | ActiveRecord: 0.3ms)


Started GET "/mining_types" for ::1 at 2020-07-24 21:41:32 -0300
Processing by MiningTypesController#index as HTML
  Rendering mining_types/index.html.erb within layouts/application
  [1m[35m (0.1ms)[0m  [1m[34mSELECT COUNT(*) FROM "mining_types"[0m
Started GET "/coins/1" for ::1 at 2020-07-24 21:41:32 -0300
  ↳ app/views/mining_types/index.html.erb:3
  [1m[36mMiningType Load (0.2ms)[0m  [1m[34mSELECT "mining_types".* FROM "mining_types"[0m
  ↳ app/views/mining_types/index.html.erb:15
  Rendered mining_types/index.html.erb within layouts/application (5.2ms)
Processing by CoinsController#show as */*
  Parameters: {"id"=>"1"}
  [1m[36mCoin Load (0.1ms)[0m  [1m[34mSELECT  "coins".* FROM "coins" WHERE "coins"."id" = ? LIMIT ?[0m  [["id", 1], ["LIMIT", 1]]
  ↳ app/controllers/coins_controller.rb:72
  Rendering coins/show.html.erb within layouts/application
  [1m[36mMiningType Load (0.1ms)[0m  [1m[34mSELECT  "mining_types".* FROM "mining_types" WHERE "mining_types"."id" = ? LIMIT ?[0m  [["id", 1], ["LIMIT", 1]]
  ↳ app/views/coins/show.html.erb:25
  Rendered coins/show.html.erb within layouts/application (4.0ms)
Completed 200 OK in 56ms (Views: 55.0ms | ActiveRecord: 0.3ms)


Completed 200 OK in 53ms (Views: 47.6ms | ActiveRecord: 0.2ms)


Started GET "/" for ::1 at 2020-07-24 21:41:33 -0300
Processing by WelcomeController#index as HTML
Started GET "/coins/1" for ::1 at 2020-07-24 21:41:33 -0300
Processing by CoinsController#show as */*
  Rendering welcome/index.html.erb within layouts/application
  Parameters: {"id"=>"1"}
  [1m[36mCoin Load (0.1ms)[0m  [1m[34mSELECT  "coins".* FROM "coins" WHERE "coins"."id" = ? LIMIT ?[0m  [["id", 1], ["LIMIT", 1]]
  ↳ app/controllers/coins_controller.rb:72
  Rendered welcome/_menu.html.erb (0.6ms)
  Rendered welcome/index.html.erb within layouts/application (5.4ms)
  Rendering coins/show.html.erb within layouts/application
  [1m[36mMiningType Load (0.1ms)[0m  [1m[34mSELECT  "mining_types".* FROM "mining_types" WHERE "mining_types"."id" = ? LIMIT ?[0m  [["id", 1], ["LIMIT", 1]]
  ↳ app/views/coins/show.html.erb:25
  Rendered coins/show.html.erb within layouts/application (1.7ms)
Completed 200 OK in 44ms (Views: 42.4ms | ActiveRecord: 0.0ms)


Completed 200 OK in 46ms (Views: 38.1ms | ActiveRecord: 0.2ms)


Started GET "/coins" for ::1 at 2020-07-24 21:41:34 -0300
Processing by CoinsController#index as HTML
  Rendering coins/index.html.erb within layouts/application
  [1m[35m (0.2ms)[0m  [1m[34mSELECT COUNT(*) FROM "coins"[0m
  ↳ app/views/coins/index.html.erb:3
  [1m[36mCoin Load (0.2ms)[0m  [1m[34mSELECT "coins".* FROM "coins"[0m
  ↳ app/views/coins/index.html.erb:16
  Rendered coins/index.html.erb within layouts/application (4.0ms)
Started GET "/coins/1" for ::1 at 2020-07-24 21:41:34 -0300
Processing by CoinsController#show as */*
  Parameters: {"id"=>"1"}
  [1m[36mCoin Load (0.1ms)[0m  [1m[34mSELECT  "coins".* FROM "coins" WHERE "coins"."id" = ? LIMIT ?[0m  [["id", 1], ["LIMIT", 1]]
  ↳ app/controllers/coins_controller.rb:72
  Rendering coins/show.html.erb within layouts/application
  [1m[36mMiningType Load (0.1ms)[0m  [1m[34mSELECT  "mining_types".* FROM "mining_types" WHERE "mining_types"."id" = ? LIMIT ?[0m  [["id", 1], ["LIMIT", 1]]
  ↳ app/views/coins/show.html.erb:25
  Rendered coins/show.html.erb within layouts/application (2.7ms)
Completed 200 OK in 57ms (Views: 55.5ms | ActiveRecord: 0.3ms)


Completed 200 OK in 51ms (Views: 43.4ms | ActiveRecord: 0.2ms)


Started GET "/coins?locale=en" for ::1 at 2020-07-24 21:41:41 -0300
Processing by CoinsController#index as HTML
  Parameters: {"locale"=>"en"}
  Rendering coins/index.html.erb within layouts/application
  [1m[35m (0.2ms)[0m  [1m[34mSELECT COUNT(*) FROM "coins"[0m
  ↳ app/views/coins/index.html.erb:3
Started GET "/coins/1" for ::1 at 2020-07-24 21:41:41 -0300
  [1m[36mCoin Load (0.1ms)[0m  [1m[34mSELECT "coins".* FROM "coins"[0m
  ↳ app/views/coins/index.html.erb:16
  Rendered coins/index.html.erb within layouts/application (4.4ms)
Processing by CoinsController#show as */*
  Parameters: {"id"=>"1"}
  [1m[36mCoin Load (0.2ms)[0m  [1m[34mSELECT  "coins".* FROM "coins" WHERE "coins"."id" = ? LIMIT ?[0m  [["id", 1], ["LIMIT", 1]]
  ↳ app/controllers/coins_controller.rb:72
  Rendering coins/show.html.erb within layouts/application
  [1m[36mMiningType Load (0.1ms)[0m  [1m[34mSELECT  "mining_types".* FROM "mining_types" WHERE "mining_types"."id" = ? LIMIT ?[0m  [["id", 1], ["LIMIT", 1]]
  ↳ app/views/coins/show.html.erb:25
  Rendered coins/show.html.erb within layouts/application (1.8ms)
Completed 200 OK in 51ms (Views: 48.8ms | ActiveRecord: 0.3ms)


Completed 200 OK in 46ms (Views: 39.1ms | ActiveRecord: 0.3ms)


Started GET "/coins?locale=pt-BR" for ::1 at 2020-07-24 21:41:42 -0300
Processing by CoinsController#index as HTML
  Parameters: {"locale"=>"pt-BR"}
  Rendering coins/index.html.erb within layouts/application
  [1m[35m (0.2ms)[0m  [1m[34mSELECT COUNT(*) FROM "coins"[0m
  ↳ app/views/coins/index.html.erb:3
  [1m[36mCoin Load (0.2ms)[0m  [1m[34mSELECT "coins".* FROM "coins"[0m
  ↳ app/views/coins/index.html.erb:16
  Rendered coins/index.html.erb within layouts/application (3.1ms)
Started GET "/coins/1" for ::1 at 2020-07-24 21:41:42 -0300
Processing by CoinsController#show as */*
  Parameters: {"id"=>"1"}
  [1m[36mCoin Load (0.1ms)[0m  [1m[34mSELECT  "coins".* FROM "coins" WHERE "coins"."id" = ? LIMIT ?[0m  [["id", 1], ["LIMIT", 1]]
  ↳ app/controllers/coins_controller.rb:72
  Rendering coins/show.html.erb within layouts/application
  [1m[36mMiningType Load (0.1ms)[0m  [1m[34mSELECT  "mining_types".* FROM "mining_types" WHERE "mining_types"."id" = ? LIMIT ?[0m  [["id", 1], ["LIMIT", 1]]
  ↳ app/views/coins/show.html.erb:25
  Rendered coins/show.html.erb within layouts/application (2.4ms)
Completed 200 OK in 57ms (Views: 56.2ms | ActiveRecord: 0.3ms)


Completed 200 OK in 54ms (Views: 45.2ms | ActiveRecord: 0.2ms)


Started GET "/" for ::1 at 2020-07-24 21:43:26 -0300
  [1m[35m (0.1ms)[0m  [1m[34mSELECT "schema_migrations"."version" FROM "schema_migrations" ORDER BY "schema_migrations"."version" ASC[0m
  ↳ /Users/macministant/.rvm/gems/ruby-2.7.0/gems/activerecord-5.2.4.2/lib/active_record/log_subscriber.rb:98
Processing by WelcomeController#index as HTML
  Rendering welcome/index.html.erb within layouts/application
  Rendered welcome/_menu.html.erb (0.5ms)
  Rendered welcome/index.html.erb within layouts/application (75.0ms)
Completed 200 OK in 1132ms (Views: 1127.8ms | ActiveRecord: 0.0ms)


Started GET "/" for ::1 at 2020-07-24 21:43:28 -0300
Processing by WelcomeController#index as */*
  Rendering welcome/index.html.erb within layouts/application
  Rendered welcome/_menu.html.erb (0.5ms)
  Rendered welcome/index.html.erb within layouts/application (6.5ms)
Completed 200 OK in 37ms (Views: 32.0ms | ActiveRecord: 0.0ms)


Started GET "/coins" for ::1 at 2020-07-24 21:43:29 -0300
Processing by CoinsController#index as HTML
Started GET "/" for ::1 at 2020-07-24 21:43:29 -0300
  Rendering coins/index.html.erb within layouts/application
  [1m[35m (0.1ms)[0m  [1m[34mSELECT COUNT(*) FROM "coins"[0m
  ↳ app/views/coins/index.html.erb:3
  [1m[36mCoin Load (0.2ms)[0m  [1m[34mSELECT "coins".* FROM "coins"[0m
  ↳ app/views/coins/index.html.erb:16
Processing by WelcomeController#index as */*
  Rendered coins/index.html.erb within layouts/application (14.1ms)
  Rendering welcome/index.html.erb within layouts/application
  Rendered welcome/_menu.html.erb (0.5ms)
  Rendered welcome/index.html.erb within layouts/application (4.9ms)
Completed 200 OK in 64ms (Views: 58.7ms | ActiveRecord: 0.8ms)


Completed 200 OK in 47ms (Views: 42.5ms | ActiveRecord: 0.0ms)


